  MyMatrix.cpp
e:\01-fengbaochun-master\robot-algorithm-example\main\velocityplan\mymatrix.cpp(88): warning C4244: “=”: 从“double”转换到“float”，可能丢失数据
  kinematics.cpp
e:\01-fengbaochun-master\robot-algorithm-example\main\velocityplan\kinematics.cpp(16): warning C4305: “初始化”: 从“double”到“float”截断
e:\01-fengbaochun-master\robot-algorithm-example\main\velocityplan\kinematics.cpp(61): warning C4244: “=”: 从“double”转换到“float”，可能丢失数据
e:\01-fengbaochun-master\robot-algorithm-example\main\velocityplan\kinematics.cpp(62): warning C4244: “=”: 从“double”转换到“float”，可能丢失数据
e:\01-fengbaochun-master\robot-algorithm-example\main\velocityplan\kinematics.cpp(63): warning C4244: “=”: 从“double”转换到“float”，可能丢失数据
e:\01-fengbaochun-master\robot-algorithm-example\main\velocityplan\kinematics.cpp(64): warning C4244: “=”: 从“double”转换到“float”，可能丢失数据
e:\01-fengbaochun-master\robot-algorithm-example\main\velocityplan\kinematics.cpp(65): warning C4244: “=”: 从“double”转换到“float”，可能丢失数据
e:\01-fengbaochun-master\robot-algorithm-example\main\velocityplan\kinematics.cpp(66): warning C4244: “=”: 从“double”转换到“float”，可能丢失数据
e:\01-fengbaochun-master\robot-algorithm-example\main\velocityplan\kinematics.cpp(67): warning C4244: “=”: 从“double”转换到“float”，可能丢失数据
e:\01-fengbaochun-master\robot-algorithm-example\main\velocityplan\kinematics.cpp(68): warning C4244: “=”: 从“double”转换到“float”，可能丢失数据
e:\01-fengbaochun-master\robot-algorithm-example\main\velocityplan\kinematics.cpp(70): warning C4244: “=”: 从“double”转换到“float”，可能丢失数据
e:\01-fengbaochun-master\robot-algorithm-example\main\velocityplan\kinematics.cpp(71): warning C4244: “=”: 从“double”转换到“float”，可能丢失数据
e:\01-fengbaochun-master\robot-algorithm-example\main\velocityplan\kinematics.cpp(112): warning C4244: “=”: 从“double”转换到“float”，可能丢失数据
e:\01-fengbaochun-master\robot-algorithm-example\main\velocityplan\kinematics.cpp(115): warning C4244: “=”: 从“double”转换到“float”，可能丢失数据
e:\01-fengbaochun-master\robot-algorithm-example\main\velocityplan\kinematics.cpp(122): warning C4244: “=”: 从“double”转换到“float”，可能丢失数据
e:\01-fengbaochun-master\robot-algorithm-example\main\velocityplan\kinematics.cpp(123): warning C4244: “初始化”: 从“double”转换到“float”，可能丢失数据
e:\01-fengbaochun-master\robot-algorithm-example\main\velocityplan\kinematics.cpp(124): warning C4244: “初始化”: 从“double”转换到“float”，可能丢失数据
e:\01-fengbaochun-master\robot-algorithm-example\main\velocityplan\kinematics.cpp(128): warning C4244: “=”: 从“double”转换到“float”，可能丢失数据
e:\01-fengbaochun-master\robot-algorithm-example\main\velocityplan\kinematics.cpp(130): warning C4244: “=”: 从“double”转换到“float”，可能丢失数据
e:\01-fengbaochun-master\robot-algorithm-example\main\velocityplan\kinematics.cpp(132): warning C4244: “=”: 从“double”转换到“float”，可能丢失数据
e:\01-fengbaochun-master\robot-algorithm-example\main\velocityplan\kinematics.cpp(134): warning C4244: “=”: 从“double”转换到“float”，可能丢失数据
e:\01-fengbaochun-master\robot-algorithm-example\main\velocityplan\kinematics.cpp(135): warning C4244: “初始化”: 从“double”转换到“float”，可能丢失数据
e:\01-fengbaochun-master\robot-algorithm-example\main\velocityplan\kinematics.cpp(136): warning C4244: “初始化”: 从“double”转换到“float”，可能丢失数据
e:\01-fengbaochun-master\robot-algorithm-example\main\velocityplan\kinematics.cpp(138): warning C4244: “初始化”: 从“double”转换到“float”，可能丢失数据
e:\01-fengbaochun-master\robot-algorithm-example\main\velocityplan\kinematics.cpp(139): warning C4244: “初始化”: 从“double”转换到“float”，可能丢失数据
e:\01-fengbaochun-master\robot-algorithm-example\main\velocityplan\kinematics.cpp(154): warning C4305: “初始化”: 从“double”到“float”截断
  正在生成代码...
  velocityPlan.vcxproj -> E:\01-fengbaochun-master\Robot-algorithm-example\main\Debug\velocityPlan.exe
